This is pdfTeX, Version 3.1415926-2.4-1.40.13 (TeX Live 2012) (format=latex 2012.12.13)  10 DEC 2013 15:51
entering extended mode
 restricted \write18 enabled.
 %&-line parsing enabled.
**everypage.ins
(./everypage.ins
LaTeX2e <2011/06/27>
Babel <v3.8m> and hyphenation patterns for english, dumylang, nohyphenation, ba
sque, danish, dutch, ukenglish, usenglishmax, finnish, french, german, ngerman,
 swissgerman, hungarian, italian, bokmal, nynorsk, polish, portuguese, spanish,
 swedish, loaded.
(/usr/local/texlive/2012basic/texmf-dist/tex/latex/base/docstrip.tex
\blockLevel=\count79
\emptyLines=\count80
\processedLines=\count81
\commentsRemoved=\count82
\commentsPassed=\count83
\codeLinesPassed=\count84
\TotalprocessedLines=\count85
\TotalcommentsRemoved=\count86
\TotalcommentsPassed=\count87
\TotalcodeLinesPassed=\count88
\NumberOfFiles=\count89
\inFile=\read1
\inputcheck=\read2
\off@0=\count90
\off@1=\count91
\off@2=\count92
\off@3=\count93
\off@4=\count94
\off@5=\count95
\off@6=\count96
\off@7=\count97
\off@8=\count98
\off@9=\count99
\off@10=\count100
\off@11=\count101
\off@12=\count102
\off@13=\count103
\off@14=\count104
\off@15=\count105
\@maxfiles=\count106
\@maxoutfiles=\count107

Utility: `docstrip' 2.5d <2005/07/29>
English documentation    <1999/03/31>

**********************************************************
* This program converts documented macro-files into fast *
* loadable files by stripping off (nearly) all comments! *
**********************************************************

********************************************************
* No Configuration file found, using default settings. *
********************************************************

)
*** Generating the LaTeX2e package files ***

Generating file(s) ./everypage.sty 
\openout0 = `./everypage.sty'.


Processing file everypage.dtx -> everypage.sty
File everypage.dtx ended by \endinput.
Lines  processed: 232
Comments removed: 195
Comments  passed: 0
Codelines passed: 35

***********************************************************
*
* To finish the installation you have to move the following
* file(s) into a directory searched by TeX:
*
*   everypage.sty
*
*
* To produce the documentation run the files ending with
* `.dtx' through LaTeX (or maybe pdfLaTeX).
* Process any name.idx file by:
*     makeindex -s gind.ist name
* Process any name.glo file by:
*     makeindex -s gglo.ist -o name.gls name.glo
* Re run through LaTeX the .dtx files as necessary
*
***********************************************************
 ) 
Here is how much of TeX's memory you used:
 306 strings out of 494579
 3159 string characters out of 3168596
 53038 words of memory out of 3000000
 3624 multiletter control sequences out of 15000+200000
 3640 words of font info for 14 fonts, out of 3000000 for 9000
 314 hyphenation exceptions out of 8191
 11i,0n,15p,148b,110s stack positions out of 5000i,500n,10000p,200000b,50000s

No pages of output.
